<?xml version="1.0" encoding="UTF-8"?>
<coverage generated="1773673040297" clover="3.2.0">
  <project timestamp="1773673040297" name="All files">
    <metrics statements="37" coveredstatements="24" conditionals="19" coveredconditionals="14" methods="19" coveredmethods="13" elements="75" coveredelements="51" complexity="0" loc="37" ncloc="37" packages="4" files="10" classes="10"/>
    <package name="components.features">
      <metrics statements="16" coveredstatements="16" conditionals="6" coveredconditionals="6" methods="9" coveredmethods="9"/>
      <file name="BookCard.jsx" path="/Users/alex/Desktop/3 курс/DigitalLibrary/my-react-app/src/components/features/BookCard.jsx">
        <metrics statements="4" coveredstatements="4" conditionals="0" coveredconditionals="0" methods="2" coveredmethods="2"/>
        <line num="4" count="1" type="stmt"/>
        <line num="5" count="2" type="stmt"/>
        <line num="6" count="1" type="stmt"/>
        <line num="9" count="2" type="stmt"/>
      </file>
      <file name="BookList.jsx" path="/Users/alex/Desktop/3 курс/DigitalLibrary/my-react-app/src/components/features/BookList.jsx">
        <metrics statements="5" coveredstatements="5" conditionals="4" coveredconditionals="4" methods="2" coveredmethods="2"/>
        <line num="3" count="1" type="stmt"/>
        <line num="4" count="2" type="cond" truecount="4" falsecount="0"/>
        <line num="5" count="1" type="stmt"/>
        <line num="10" count="1" type="stmt"/>
        <line num="13" count="2" type="stmt"/>
      </file>
      <file name="GenreFilter.jsx" path="/Users/alex/Desktop/3 курс/DigitalLibrary/my-react-app/src/components/features/GenreFilter.jsx">
        <metrics statements="4" coveredstatements="4" conditionals="2" coveredconditionals="2" methods="3" coveredmethods="3"/>
        <line num="1" count="1" type="stmt"/>
        <line num="2" count="2" type="stmt"/>
        <line num="12" count="6" type="stmt"/>
        <line num="22" count="1" type="stmt"/>
      </file>
      <file name="SearchBar.jsx" path="/Users/alex/Desktop/3 курс/DigitalLibrary/my-react-app/src/components/features/SearchBar.jsx">
        <metrics statements="3" coveredstatements="3" conditionals="0" coveredconditionals="0" methods="2" coveredmethods="2"/>
        <line num="1" count="1" type="stmt"/>
        <line num="2" count="2" type="stmt"/>
        <line num="11" count="1" type="stmt"/>
      </file>
    </package>
    <package name="components.layout">
      <metrics statements="7" coveredstatements="0" conditionals="0" coveredconditionals="0" methods="4" coveredmethods="0"/>
      <file name="CtaSection.jsx" path="/Users/alex/Desktop/3 курс/DigitalLibrary/my-react-app/src/components/layout/CtaSection.jsx">
        <metrics statements="2" coveredstatements="0" conditionals="0" coveredconditionals="0" methods="1" coveredmethods="0"/>
        <line num="4" count="0" type="stmt"/>
        <line num="5" count="0" type="stmt"/>
      </file>
      <file name="Footer.jsx" path="/Users/alex/Desktop/3 курс/DigitalLibrary/my-react-app/src/components/layout/Footer.jsx">
        <metrics statements="2" coveredstatements="0" conditionals="0" coveredconditionals="0" methods="1" coveredmethods="0"/>
        <line num="2" count="0" type="stmt"/>
        <line num="3" count="0" type="stmt"/>
      </file>
      <file name="Header.jsx" path="/Users/alex/Desktop/3 курс/DigitalLibrary/my-react-app/src/components/layout/Header.jsx">
        <metrics statements="3" coveredstatements="0" conditionals="0" coveredconditionals="0" methods="2" coveredmethods="0"/>
        <line num="4" count="0" type="stmt"/>
        <line num="5" count="0" type="stmt"/>
        <line num="7" count="0" type="stmt"/>
      </file>
    </package>
    <package name="components.ui">
      <metrics statements="6" coveredstatements="0" conditionals="5" coveredconditionals="0" methods="2" coveredmethods="0"/>
      <file name="BookStatus.jsx" path="/Users/alex/Desktop/3 курс/DigitalLibrary/my-react-app/src/components/ui/BookStatus.jsx">
        <metrics statements="4" coveredstatements="0" conditionals="4" coveredconditionals="0" methods="1" coveredmethods="0"/>
        <line num="1" count="0" type="stmt"/>
        <line num="2" count="0" type="stmt"/>
        <line num="4" count="0" type="stmt"/>
        <line num="16" count="0" type="stmt"/>
      </file>
      <file name="Button.jsx" path="/Users/alex/Desktop/3 курс/DigitalLibrary/my-react-app/src/components/ui/Button.jsx">
        <metrics statements="2" coveredstatements="0" conditionals="1" coveredconditionals="0" methods="1" coveredmethods="0"/>
        <line num="1" count="0" type="cond" truecount="0" falsecount="1"/>
        <line num="2" count="0" type="stmt"/>
      </file>
    </package>
    <package name="utils">
      <metrics statements="8" coveredstatements="8" conditionals="8" coveredconditionals="8" methods="4" coveredmethods="4"/>
      <file name="bookUtils.js" path="/Users/alex/Desktop/3 курс/DigitalLibrary/my-react-app/src/utils/bookUtils.js">
        <metrics statements="8" coveredstatements="8" conditionals="8" coveredconditionals="8" methods="4" coveredmethods="4"/>
        <line num="2" count="1" type="stmt"/>
        <line num="3" count="3" type="cond" truecount="2" falsecount="0"/>
        <line num="4" count="2" type="stmt"/>
        <line num="5" count="2" type="stmt"/>
        <line num="6" count="6" type="cond" truecount="2" falsecount="0"/>
        <line num="11" count="1" type="stmt"/>
        <line num="12" count="3" type="cond" truecount="4" falsecount="0"/>
        <line num="13" count="6" type="stmt"/>
      </file>
    </package>
  </project>
</coverage>
